[    0.000000] Linux version 4.15.0-212-generic (buildd@lcy02-amd64-083) (gcc version 7.5.0 (Ubuntu 7.5.0-3ubuntu1~18.04)) #223-Ubuntu SMP Tue May 23 13:09:22 UTC 2023 (Ubuntu 4.15.0-212.223-generic 4.15.18)
[    0.000000] Command line: BOOT_IMAGE=/boot/vmlinuz-4.15.0-212-generic root=LABEL=cloudimg-rootfs ro console=tty1 console=ttyS0
[    0.000000] KERNEL supported cpus:
[    0.000000]   Intel GenuineIntel
[    0.000000]   AMD AuthenticAMD
[    0.000000]   Centaur CentaurHauls
[    0.000000] x86/fpu: Supporting XSAVE feature 0x001: 'x87 floating point registers'
[    0.000000] x86/fpu: Supporting XSAVE feature 0x002: 'SSE registers'
[    0.000000] x86/fpu: Supporting XSAVE feature 0x004: 'AVX registers'
[    0.000000] x86/fpu: xstate_offset[2]:  576, xstate_sizes[2]:  256
[    0.000000] x86/fpu: Enabled xstate features 0x7, context size is 832 bytes, using 'standard' format.
[    0.000000] e820: BIOS-provided physical RAM map:
[    0.000000] BIOS-e820: [mem 0x0000000000000000-0x000000000009fbff] usable
[    0.000000] BIOS-e820: [mem 0x000000000009fc00-0x000000000009ffff] reserved
[    0.000000] BIOS-e820: [mem 0x00000000000f0000-0x00000000000fffff] reserved
[    0.000000] BIOS-e820: [mem 0x0000000000100000-0x000000003ffeffff] usable
[    0.000000] BIOS-e820: [mem 0x000000003fff0000-0x000000003fffffff] ACPI data
[    0.000000] BIOS-e820: [mem 0x00000000fec00000-0x00000000fec00fff] reserved
[    0.000000] BIOS-e820: [mem 0x00000000fee00000-0x00000000fee00fff] reserved
[    0.000000] BIOS-e820: [mem 0x00000000fffc0000-0x00000000ffffffff] reserved
[    0.000000] NX (Execute Disable) protection: active
[    0.000000] SMBIOS 2.5 present.
[    0.000000] DMI: innotek GmbH VirtualBox/VirtualBox, BIOS VirtualBox 12/01/2006
[    0.000000] Hypervisor detected: KVM
[    0.000000] e820: last_pfn = 0x3fff0 max_arch_pfn = 0x400000000
[    0.000000] x86/PAT: Configuration [0-7]: WB  WC  UC- UC  WB  WP  UC- WT  
[    0.000000] found SMP MP-table at [mem 0x0009fbf0-0x0009fbff]
[    0.000000] Scanning 1 areas for low memory corruption
[    0.000000] RAMDISK: [mem 0x359cb000-0x36cdcfff]
[    0.000000] ACPI: Early table checksum verification disabled
[    0.000000] ACPI: RSDP 0x00000000000E0000 000024 (v02 VBOX  )
[    0.000000] ACPI: XSDT 0x000000003FFF0030 00003C (v01 VBOX   VBOXXSDT 00000001 ASL  00000061)
[    0.000000] ACPI: FACP 0x000000003FFF00F0 0000F4 (v04 VBOX   VBOXFACP 00000001 ASL  00000061)
[    0.000000] ACPI: DSDT 0x000000003FFF0610 002353 (v02 VBOX   VBOXBIOS 00000002 INTL 20240322)
[    0.000000] ACPI: FACS 0x000000003FFF0200 000040
[    0.000000] ACPI: FACS 0x000000003FFF0200 000040
[    0.000000] ACPI: APIC 0x000000003FFF0240 00005C (v02 VBOX   VBOXAPIC 00000001 ASL  00000061)
[    0.000000] ACPI: SSDT 0x000000003FFF02A0 00036C (v01 VBOX   VBOXCPUT 00000002 INTL 20240322)
[    0.000000] ACPI: Reserving FACP table memory at [mem 0x3fff00f0-0x3fff01e3]
[    0.000000] ACPI: Reserving DSDT table memory at [mem 0x3fff0610-0x3fff2962]
[    0.000000] ACPI: Reserving FACS table memory at [mem 0x3fff0200-0x3fff023f]
[    0.000000] ACPI: Reserving FACS table memory at [mem 0x3fff0200-0x3fff023f]
[    0.000000] ACPI: Reserving APIC table memory at [mem 0x3fff0240-0x3fff029b]
[    0.000000] ACPI: Reserving SSDT table memory at [mem 0x3fff02a0-0x3fff060b]
[    0.000000] No NUMA configuration found
[    0.000000] Faking a node at [mem 0x0000000000000000-0x000000003ffeffff]
[    0.000000] NODE_DATA(0) allocated [mem 0x3ffc5000-0x3ffeffff]
[    0.000000] kvm-clock: cpu 0, msr 0:3ff44001, primary cpu clock
[    0.000000] kvm-clock: Using msrs 4b564d01 and 4b564d00
[    0.000000] kvm-clock: using sched offset of 33836471816 cycles
[    0.000000] clocksource: kvm-clock: mask: 0xffffffffffffffff max_cycles: 0x1cd42e4dffb, max_idle_ns: 881590591483 ns
[    0.000000] Zone ranges:
[    0.000000]   DMA      [mem 0x0000000000001000-0x0000000000ffffff]
[    0.000000]   DMA32    [mem 0x0000000001000000-0x000000003ffeffff]
[    0.000000]   Normal   empty
[    0.000000]   Device   empty
[    0.000000] Movable zone start for each node
[    0.000000] Early memory node ranges
[    0.000000]   node   0: [mem 0x0000000000001000-0x000000000009efff]
[    0.000000]   node   0: [mem 0x0000000000100000-0x000000003ffeffff]
[    0.000000] Reserved but unavailable: 104 pages
[    0.000000] Initmem setup node 0 [mem 0x0000000000001000-0x000000003ffeffff]
[    0.000000] ACPI: PM-Timer IO Port: 0x4008
[    0.000000] IOAPIC[0]: apic_id 2, version 32, address 0xfec00000, GSI 0-23
[    0.000000] ACPI: INT_SRC_OVR (bus 0 bus_irq 0 global_irq 2 dfl dfl)
[    0.000000] ACPI: INT_SRC_OVR (bus 0 bus_irq 9 global_irq 9 low level)
[    0.000000] Using ACPI (MADT) for SMP configuration information
[    0.000000] smpboot: Allowing 2 CPUs, 0 hotplug CPUs
[    0.000000] PM: Registered nosave memory: [mem 0x00000000-0x00000fff]
[    0.000000] PM: Registered nosave memory: [mem 0x0009f000-0x0009ffff]
[    0.000000] PM: Registered nosave memory: [mem 0x000a0000-0x000effff]
[    0.000000] PM: Registered nosave memory: [mem 0x000f0000-0x000fffff]
[    0.000000] e820: [mem 0x40000000-0xfebfffff] available for PCI devices
[    0.000000] Booting paravirtualized kernel on KVM
[    0.000000] clocksource: refined-jiffies: mask: 0xffffffff max_cycles: 0xffffffff, max_idle_ns: 7645519600211568 ns
[    0.000000] setup_percpu: NR_CPUS:8192 nr_cpumask_bits:2 nr_cpu_ids:2 nr_node_ids:1
[    0.000000] percpu: Embedded 50 pages/cpu s167936 r8192 d28672 u1048576
[    0.000000] PV qspinlock hash table entries: 256 (order: 0, 4096 bytes)
[    0.000000] Built 1 zonelists, mobility grouping on.  Total pages: 257913
[    0.000000] Policy zone: DMA32
[    0.000000] Kernel command line: BOOT_IMAGE=/boot/vmlinuz-4.15.0-212-generic root=LABEL=cloudimg-rootfs ro console=tty1 console=ttyS0
[    0.000000] Memory: 982644K/1048120K available (12300K kernel code, 2477K rwdata, 4324K rodata, 2480K init, 2720K bss, 65476K reserved, 0K cma-reserved)
[    0.000000] SLUB: HWalign=64, Order=0-3, MinObjects=0, CPUs=2, Nodes=1
[    0.000000] Kernel/User page tables isolation: enabled
[    0.000000] ftrace: allocating 39508 entries in 155 pages
[    0.004000] Hierarchical RCU implementation.
[    0.004000] 	RCU restricting CPUs from NR_CPUS=8192 to nr_cpu_ids=2.
[    0.004000] 	Tasks RCU enabled.
[    0.004000] RCU: Adjusting geometry for rcu_fanout_leaf=16, nr_cpu_ids=2
[    0.004000] NR_IRQS: 524544, nr_irqs: 440, preallocated irqs: 16
[    0.004000] random: crng init done
[    0.004000] Console: colour VGA+ 80x25
[    0.004000] console [tty1] enabled
[    0.004000] console [ttyS0] enabled
[    0.004000] ACPI: Core revision 20170831
[    0.004000] ACPI: 2 ACPI AML tables successfully acquired and loaded
[    0.004000] APIC: Switch to symmetric I/O mode setup
[    0.006183] x2apic enabled
[    0.008029] Switched APIC routing to physical x2apic.
[    0.016000] ..TIMER: vector=0x30 apic1=0 pin1=2 apic2=-1 pin2=-1
[    0.016008] tsc: Detected 2010.540 MHz processor
[    0.020016] Calibrating delay loop (skipped) preset value.. 4021.08 BogoMIPS (lpj=8042160)
[    0.024010] pid_max: default: 32768 minimum: 301
[    0.028076] Security Framework initialized
[    0.031943] Yama: becoming mindful.
[    0.032079] AppArmor: AppArmor initialized
[    0.042054] Dentry cache hash table entries: 131072 (order: 8, 1048576 bytes)
[    0.048729] Inode-cache hash table entries: 65536 (order: 7, 524288 bytes)
[    0.052079] Mount-cache hash table entries: 2048 (order: 2, 16384 bytes)
[    0.056052] Mountpoint-cache hash table entries: 2048 (order: 2, 16384 bytes)
[    0.061621] Last level iTLB entries: 4KB 0, 2MB 0, 4MB 0
[    0.064005] Last level dTLB entries: 4KB 0, 2MB 0, 4MB 0, 1GB 0
[    0.068023] Spectre V1 : Mitigation: usercopy/swapgs barriers and __user pointer sanitization
[    0.072007] Spectre V2 : Mitigation: Retpolines
[    0.076005] Spectre V2 : Spectre v2 / SpectreRSB mitigation: Filling RSB on context switch
[    0.080008] Spectre V2 : Spectre v2 / SpectreRSB : Filling RSB on VMEXIT
[    0.084005] RETBleed: WARNING: Spectre v2 mitigation leaves CPU vulnerable to RETBleed attacks, data leaks possible!
[    0.088006] RETBleed: Vulnerable
[    0.092004] Speculative Store Bypass: Vulnerable
[    0.096138] MDS: Mitigation: Clear CPU buffers
[    0.100005] MMIO Stale Data: Mitigation: Clear CPU buffers
[    0.104026] SRBDS: Unknown: Dependent on hypervisor status
[    0.108248] Freeing SMP alternatives memory: 36K
[    0.228876] APIC calibration not consistent with PM-Timer: 101ms instead of 100ms
[    0.232000] APIC delta adjusted to PM-Timer: 6251031 (6326735)
[    0.232281] smpboot: CPU0: Intel(R) Core(TM) i5-1038NG7 CPU @ 2.00GHz (family: 0x6, model: 0x7e, stepping: 0x5)
[    0.236313] Performance Events: unsupported p6 CPU model 126 no PMU driver, software events only.
[    0.240180] Hierarchical SRCU implementation.
[    0.244913] NMI watchdog: Perf event create on CPU 0 failed with -2
[    0.248008] NMI watchdog: Perf NMI watchdog permanently disabled
[    0.252226] smp: Bringing up secondary CPUs ...
[    0.256701] x86: Booting SMP configuration:
[    0.260010] .... node  #0, CPUs:      #1
[    0.004000] kvm-clock: cpu 1, msr 0:3ff44041, secondary cpu clock
[    0.268073] smp: Brought up 1 node, 2 CPUs
[    0.272019] smpboot: Max logical packages: 1
[    0.276011] smpboot: Total of 2 processors activated (8042.16 BogoMIPS)
[    0.282317] devtmpfs: initialized
[    0.284147] x86/mm: Memory block size: 128MB
[    0.288421] evm: security.selinux
[    0.292018] evm: security.SMACK64
[    0.296007] evm: security.SMACK64EXEC
[    0.300005] evm: security.SMACK64TRANSMUTE
[    0.304008] evm: security.SMACK64MMAP
[    0.308005] evm: security.apparmor
[    0.312006] evm: security.ima
[    0.315182] evm: security.capability
[    0.316205] clocksource: jiffies: mask: 0xffffffff max_cycles: 0xffffffff, max_idle_ns: 7645041785100000 ns
[    0.320049] futex hash table entries: 512 (order: 3, 32768 bytes)
[    0.324155] pinctrl core: initialized pinctrl subsystem
[    0.328530] RTC time:  2:54:04, date: 11/26/24
[    0.333906] NET: Registered protocol family 16
[    0.336154] audit: initializing netlink subsys (disabled)
[    0.340341] audit: type=2000 audit(1732589675.991:1): state=initialized audit_enabled=0 res=1
[    0.344026] cpuidle: using governor ladder
[    0.348026] cpuidle: using governor menu
[    0.352000] ACPI: bus type PCI registered
[    0.352009] acpiphp: ACPI Hot Plug PCI Controller Driver version: 0.5
[    0.356450] PCI: Using configuration type 1 for base access
[    0.364153] HugeTLB registered 2.00 MiB page size, pre-allocated 0 pages
[    0.368227] ACPI: Added _OSI(Module Device)
[    0.372041] ACPI: Added _OSI(Processor Device)
[    0.376018] ACPI: Added _OSI(3.0 _SCP Extensions)
[    0.380008] ACPI: Added _OSI(Processor Aggregator Device)
[    0.384015] ACPI: Added _OSI(Linux-Dell-Video)
[    0.388010] ACPI: Added _OSI(Linux-Lenovo-NV-HDMI-Audio)
[    0.392011] ACPI: Added _OSI(Linux-HPI-Hybrid-Graphics)
[    0.400214] ACPI: Executed 1 blocks of module-level executable AML code
[    0.410957] ACPI: Interpreter enabled
[    0.412031] ACPI: (supports S0 S5)
[    0.416009] ACPI: Using IOAPIC for interrupt routing
[    0.420570] PCI: Using host bridge windows from ACPI; if necessary, use "pci=nocrs" and report a bug
[    0.424400] ACPI: Enabled 2 GPEs in block 00 to 07
[    0.443815] ACPI: PCI Root Bridge [PCI0] (domain 0000 [bus 00-ff])
[    0.444022] acpi PNP0A03:00: _OSC: OS supports [ASPM ClockPM Segments MSI]
[    0.449092] acpi PNP0A03:00: _OSC: not requesting OS control; OS requires [ExtendedConfig ASPM ClockPM MSI]
[    0.452033] acpi PNP0A03:00: fail to add MMCONFIG information, can't access extended PCI configuration space under this bridge.
[    0.456905] PCI host bridge to bus 0000:00
[    0.460012] pci_bus 0000:00: root bus resource [io  0x0000-0x0cf7 window]
[    0.464014] pci_bus 0000:00: root bus resource [io  0x0d00-0xffff window]
[    0.468014] pci_bus 0000:00: root bus resource [mem 0x000a0000-0x000bffff window]
[    0.472020] pci_bus 0000:00: root bus resource [mem 0x40000000-0xfdffffff window]
[    0.476014] pci_bus 0000:00: root bus resource [bus 00-ff]
[    0.492447] pci 0000:00:01.1: legacy IDE quirk: reg 0x10: [io  0x01f0-0x01f7]
[    0.496016] pci 0000:00:01.1: legacy IDE quirk: reg 0x14: [io  0x03f6]
[    0.500010] pci 0000:00:01.1: legacy IDE quirk: reg 0x18: [io  0x0170-0x0177]
[    0.504011] pci 0000:00:01.1: legacy IDE quirk: reg 0x1c: [io  0x0376]
[    0.596168] pci 0000:00:07.0: quirk: [io  0x4000-0x403f] claimed by PIIX4 ACPI
[    0.600069] pci 0000:00:07.0: quirk: [io  0x4100-0x410f] claimed by PIIX4 SMB
[    0.617642] ACPI: PCI Interrupt Link [LNKA] (IRQs 5 9 10 *11)
[    0.620734] ACPI: PCI Interrupt Link [LNKB] (IRQs 5 9 *10 11)
[    0.624295] ACPI: PCI Interrupt Link [LNKC] (IRQs 5 *9 10 11)
[    0.628287] ACPI: PCI Interrupt Link [LNKD] (IRQs 5 9 10 *11)
[    0.632695] SCSI subsystem initialized
[    0.636204] pci 0000:00:02.0: vgaarb: setting as boot VGA device
[    0.640000] pci 0000:00:02.0: vgaarb: VGA device added: decodes=io+mem,owns=io+mem,locks=none
[    0.640334] pci 0000:00:02.0: vgaarb: bridge control possible
[    0.644009] vgaarb: loaded
[    0.648086] ACPI: bus type USB registered
[    0.652046] usbcore: registered new interface driver usbfs
[    0.656054] usbcore: registered new interface driver hub
[    0.660033] usbcore: registered new device driver usb
[    0.668066] EDAC MC: Ver: 3.0.0
[    0.672824] PCI: Using ACPI for IRQ routing
[    0.676767] NetLabel: Initializing
[    0.680006] NetLabel:  domain hash size = 128
[    0.684008] NetLabel:  protocols = UNLABELED CIPSOv4 CALIPSO
[    0.688039] NetLabel:  unlabeled traffic allowed by default
[    0.696013] clocksource: Switched to clocksource kvm-clock
[    0.726400] VFS: Disk quotas dquot_6.6.0
[    0.735018] VFS: Dquot-cache hash table entries: 512 (order 0, 4096 bytes)
[    0.753500] AppArmor: AppArmor Filesystem Enabled
[    0.757112] pnp: PnP ACPI init
[    0.767818] pnp: PnP ACPI: found 3 devices
[    0.809308] clocksource: acpi_pm: mask: 0xffffff max_cycles: 0xffffff, max_idle_ns: 2085701024 ns
[    0.830505] NET: Registered protocol family 2
[    1.072049] IP idents hash table entries: 16384 (order: 5, 131072 bytes)
[    1.089640] TCP established hash table entries: 8192 (order: 4, 65536 bytes)
[    1.252318] TCP bind hash table entries: 8192 (order: 5, 131072 bytes)
[    1.259431] TCP: Hash tables configured (established 8192 bind 8192)
[    1.266919] UDP hash table entries: 512 (order: 2, 16384 bytes)
[    1.274287] UDP-Lite hash table entries: 512 (order: 2, 16384 bytes)
[    1.282153] NET: Registered protocol family 1
[    1.286015] pci 0000:00:00.0: Limiting direct PCI/PCI transfers
[    1.291930] pci 0000:00:01.0: Activating ISA DMA hang workarounds
[    1.306372] pci 0000:00:02.0: Video device with shadowed ROM at [mem 0x000c0000-0x000dffff]
[    1.318588] Unpacking initramfs...
[    1.776913] Freeing initrd memory: 19528K
[    1.780234] clocksource: tsc: mask: 0xffffffffffffffff max_cycles: 0x1cfb12ef09e, max_idle_ns: 440795257735 ns
[    1.788163] platform rtc_cmos: registered platform RTC device (no PNP device found)
[    1.794739] Scanning for low memory corruption every 60 seconds
[    1.801072] Initialise system trusted keyrings
[    1.804718] Key type blacklist registered
[    1.808594] workingset: timestamp_bits=36 max_order=18 bucket_order=0
[    1.820170] zbud: loaded
[    1.824389] squashfs: version 4.0 (2009/01/31) Phillip Lougher
[    1.831977] fuse init (API version 7.26)
[    1.858223] Key type asymmetric registered
[    1.863777] Asymmetric key parser 'x509' registered
[    1.868823] Block layer SCSI generic (bsg) driver version 0.4 loaded (major 246)
[    1.877966] io scheduler noop registered
[    2.259937] io scheduler deadline registered
[    2.273724] io scheduler cfq registered (default)
[    2.278621] ACPI: AC Adapter [AC] (on-line)
[    2.282302] input: Power Button as /devices/LNXSYSTM:00/LNXPWRBN:00/input/input0
[    2.288485] ACPI: Power Button [PWRF]
[    2.291966] input: Sleep Button as /devices/LNXSYSTM:00/LNXSLPBN:00/input/input1
[    2.297965] ACPI: Sleep Button [SLPF]
[    2.301980] Serial: 8250/16550 driver, 32 ports, IRQ sharing enabled
[    2.304652] ACPI: Battery Slot [BAT0] (battery present)
[    2.338114] 00:02: ttyS0 at I/O 0x3f8 (irq = 4, base_baud = 115200) is a 16550A
[    2.377029] Linux agpgart interface v0.103
[    2.386480] loop: module loaded
[    2.393345] scsi host0: ata_piix
[    2.397255] scsi host1: ata_piix
[    2.403307] ata1: PATA max UDMA/33 cmd 0x1f0 ctl 0x3f6 bmdma 0xd000 irq 14
[    2.411610] ata2: PATA max UDMA/33 cmd 0x170 ctl 0x376 bmdma 0xd008 irq 15
[    2.424002] tun: Universal TUN/TAP device driver, 1.6
[    2.429884] PPP generic driver version 2.4.2
[    2.436279] ehci_hcd: USB 2.0 'Enhanced' Host Controller (EHCI) Driver
[    2.443828] ehci-pci: EHCI PCI platform driver
[    2.450894] ehci-platform: EHCI generic platform driver
[    2.456442] ohci_hcd: USB 1.1 'Open' Host Controller (OHCI) Driver
[    2.462917] ohci-pci: OHCI PCI platform driver
[    2.472946] ohci-platform: OHCI generic platform driver
[    2.476891] uhci_hcd: USB Universal Host Controller Interface driver
[    2.486708] i8042: PNP: PS/2 Controller [PNP0303:PS2K,PNP0f03:PS2M] at 0x60,0x64 irq 1,12
[    2.500253] serio: i8042 KBD port at 0x60,0x64 irq 1
[    2.508413] serio: i8042 AUX port at 0x60,0x64 irq 12
[    2.514589] mousedev: PS/2 mouse device common for all mice
[    2.523880] rtc_cmos rtc_cmos: rtc core: registered rtc_cmos as rtc0
[    2.532156] rtc_cmos rtc_cmos: alarms up to one day, 114 bytes nvram
[    2.577060] input: AT Translated Set 2 keyboard as /devices/platform/i8042/serio0/input/input2
[    2.587421] i2c /dev entries driver
[    2.609438] device-mapper: uevent: version 1.0.3
[    2.613227] device-mapper: ioctl: 4.37.0-ioctl (2017-09-20) initialised: dm-devel@redhat.com
[    2.656136] ledtrig-cpu: registered to indicate activity on CPUs
[    2.664405] NET: Registered protocol family 10
[    2.679053] Segment Routing with IPv6
[    2.683037] NET: Registered protocol family 17
[    2.689636] Key type dns_resolver registered
[    2.694681] mce: Using 0 MCE banks
[    2.698052] RAS: Correctable Errors collector initialized.
[    2.703762] sched_clock: Marking stable (2703598649, 0)->(7765599634, -5062000985)
[    2.718071] registered taskstats version 1
[    2.722877] Loading compiled-in X.509 certificates
[    2.735347] Loaded X.509 cert 'Build time autogenerated kernel key: b5b26778eaa3ab3a4a6cee031137706e947d12ad'
[    2.745608] Loaded X.509 cert 'Canonical Ltd. Live Patch Signing: 14df34d1a87cf37625abec039ef2bf521249b969'
[    2.755566] Loaded X.509 cert 'Canonical Ltd. Kernel Module Signing: 88f752e560a1e0737e31163a466ad7b70a850c19'
[    2.765128] blacklist: Loading compiled-in revocation X.509 certificates
[    2.771714] Loaded X.509 cert 'Canonical Ltd. Secure Boot Signing: 61482aa2830d0ab2ad5af10b7250da9033ddcef0'
[    3.169284] Loaded X.509 cert 'Canonical Ltd. Secure Boot Signing (2017): 242ade75ac4a15e50d50c84b0d45ff3eae707a03'
[    3.191101] Loaded X.509 cert 'Canonical Ltd. Secure Boot Signing (ESM 2018): 365188c1d374d6b07c3c8f240f8ef722433d6a8b'
[    3.201450] Loaded X.509 cert 'Canonical Ltd. Secure Boot Signing (2019): c0746fd6c5da3ae827864651ad66ae47fe24b3e8'
[    3.211510] Loaded X.509 cert 'Canonical Ltd. Secure Boot Signing (2021 v1): a8d54bbb3825cfb94fa13c9f8a594a195c107b8d'
[    3.232640] Loaded X.509 cert 'Canonical Ltd. Secure Boot Signing (2021 v2): 4cf046892d6fd3c9a5b03f98d845f90851dc6a8c'
[    3.244557] Loaded X.509 cert 'Canonical Ltd. Secure Boot Signing (2021 v3): 100437bb6de6e469b581e61cd66bce3ef4ed53af'
[    3.256448] Loaded X.509 cert 'Canonical Ltd. Secure Boot Signing (Ubuntu Core 2019): c1d57b8f6b743f23ee41f4f7ee292f06eecadfb9'
[    3.267041] zswap: loaded using pool lzo/zbud
[    3.283769] Key type big_key registered
[    3.287646] Key type trusted registered
[    3.296578] Key type encrypted registered
[    3.301790] AppArmor: AppArmor sha1 policy hashing enabled
[    3.306833] ima: No TPM chip found, activating TPM-bypass! (rc=-19)
[    3.313620] ima: Allocated hash algorithm: sha1
[    3.319377] evm: HMAC attrs: 0x1
[    3.695322]   Magic number: 0:87:916
[    3.700054] tty ptmx: hash matches
[    3.705184] rtc_cmos rtc_cmos: setting system clock to 2024-11-26 02:54:08 UTC (1732589648)
[    3.715857] BIOS EDD facility v0.16 2004-Jun-25, 0 devices found
[    3.722880] EDD information not available.
[    3.730549] Freeing unused kernel image memory: 2480K
[    3.764411] Write protecting the kernel read-only data: 20480k
[    3.781794] Freeing unused kernel image memory: 2008K
[    3.787121] Freeing unused kernel image memory: 1820K
[    3.800704] x86/mm: Checked W+X mappings: passed, no W+X pages found.
[    3.807799] x86/mm: Checking user space page tables
[    3.821446] x86/mm: Checked W+X mappings: passed, no W+X pages found.
Loading, please wait...
starting version 237
[    3.976019] e1000: Intel(R) PRO/1000 Network Driver - version 7.3.21-k8-NAPI
[    3.983756] e1000: Copyright (c) 1999-2006 Intel Corporation.
[    4.012853] Fusion MPT base driver 3.04.20
[    4.018548] Copyright (c) 1999-2008 LSI Corporation
[    4.066366] AVX2 version of gcm_enc/dec engaged.
[    4.072690] AES CTR mode by8 optimization enabled
[    4.086547] Fusion MPT SPI Host driver 3.04.20
[    4.246010] input: ImExPS/2 Generic Explorer Mouse as /devices/platform/i8042/serio1/input/input4
[    4.848354] e1000 0000:00:03.0 eth0: (PCI:33MHz:32-bit) 02:3b:7b:b7:3b:2d
[    4.854675] e1000 0000:00:03.0 eth0: Intel(R) PRO/1000 Network Connection
[    4.862901] e1000 0000:00:03.0 enp0s3: renamed from eth0
[    4.869678] mptbase: ioc0: Initiating bringup
[    5.024330] ioc0: LSI53C1030 A0: Capabilities={Initiator}
[    5.351869] scsi host2: ioc0: LSI53C1030 A0, FwRev=00000000h, Ports=1, MaxQ=256, IRQ=20
[    5.566548] scsi 2:0:0:0: Direct-Access     VBOX     HARDDISK         1.0  PQ: 0 ANSI: 5
[    5.600666] scsi target2:0:0: Beginning Domain Validation
[    5.610924] scsi target2:0:0: Domain Validation skipping write tests
[    5.701496] scsi target2:0:0: Ending Domain Validation
[    5.706468] scsi target2:0:0: asynchronous
[    5.712325] scsi 2:0:1:0: Direct-Access     VBOX     HARDDISK         1.0  PQ: 0 ANSI: 5
[    5.748464] scsi target2:0:1: Beginning Domain Validation
[    5.758597] scsi target2:0:1: Domain Validation skipping write tests
[    5.763756] scsi target2:0:1: Ending Domain Validation
[    5.769014] scsi target2:0:1: asynchronous
[    5.785271] sd 2:0:0:0: Attached scsi generic sg0 type 0
[    5.791418] sd 2:0:1:0: Attached scsi generic sg1 type 0
[    5.796347] sd 2:0:0:0: [sda] 83886080 512-byte logical blocks: (42.9 GB/40.0 GiB)
[    5.804175] sd 2:0:0:0: [sda] Write Protect is off
[    5.811824] sd 2:0:1:0: [sdb] 20480 512-byte logical blocks: (10.5 MB/10.0 MiB)
[    5.820984] sd 2:0:0:0: [sda] Incomplete mode parameter data
[    5.821321] sd 2:0:1:0: [sdb] Write Protect is off
[    5.827715] sd 2:0:0:0: [sda] Assuming drive cache: write through
[    5.924944] sd 2:0:1:0: [sdb] Incomplete mode parameter data
[    5.927919]  sda: sda1
[    5.942349] sd 2:0:1:0: [sdb] Assuming drive cache: write through
[    5.946926] sd 2:0:0:0: [sda] Attached SCSI disk
[    6.065055] sd 2:0:1:0: [sdb] Attached SCSI disk
Begin: Loading essential drivers ... [    9.565285] raid6: sse2x1   gen()  8236 MB/s
[    9.616588] raid6: sse2x1   xor()  4660 MB/s
[    9.668155] raid6: sse2x2   gen() 10059 MB/s
[    9.720120] raid6: sse2x2   xor()  6022 MB/s
[    9.768402] raid6: sse2x4   gen() 10847 MB/s
[    9.820609] raid6: sse2x4   xor()  6391 MB/s
[    9.872061] raid6: avx2x1   gen() 16869 MB/s
[    9.921093] raid6: avx2x1   xor()  8354 MB/s
[    9.972228] raid6: avx2x2   gen() 20303 MB/s
[   10.024984] raid6: avx2x2   xor()  7405 MB/s
[   10.076303] raid6: avx2x4   gen() 21123 MB/s
[   10.128702] raid6: avx2x4   xor()  8767 MB/s
[   10.135073] raid6: using algorithm avx2x4 gen() 21123 MB/s
[   10.139585] raid6: .... xor() 8767 MB/s, rmw enabled
[   10.151648] raid6: using avx2x2 recovery algorithm
[   10.157247] xor: automatically using best checksumming function   avx       
[   10.166375] async_tx: api initialized (async)
done.
Begin: Running /scripts/init-premount ... done.
Begin: Mounting root file system ... Begin: Running /scripts/local-top ... done.
Begin: Running /scripts/local-premount ... [   10.260728] Btrfs loaded, crc32c=crc32c-intel
Scanning for Btrfs filesystems
done.
Warning: fsck not present, so skipping root file system
[   10.661747] EXT4-fs (sda1): mounted filesystem with ordered data mode. Opts: (null)
done.
Begin: Running /scripts/local-bottom ... done.
Begin: Running /scripts/init-bottom ... done.
[   13.950950] ip_tables: (C) 2000-2006 Netfilter Core Team
[   15.705267] systemd[1]: systemd 237 running in system mode. (+PAM +AUDIT +SELINUX +IMA +APPARMOR +SMACK +SYSVINIT +UTMP +LIBCRYPTSETUP +GCRYPT +GNUTLS +ACL +XZ +LZ4 +SECCOMP +BLKID +ELFUTILS +KMOD -IDN2 +IDN -PCRE2 default-hierarchy=hybrid)
[   15.721940] systemd[1]: Detected virtualization oracle.
[   15.727361] systemd[1]: Detected architecture x86-64.

Welcome to [1mUbuntu 18.04.6 LTS[0m!

[   15.768769] systemd[1]: Set hostname to <ubuntu>.
[   16.268272] systemd[1]: Initializing machine ID from random generator.
[   16.274640] systemd[1]: Installed transient /etc/machine-id file.
[   17.798601] systemd[1]: Created slice User and Session Slice.
[[0;32m  OK  [0m] Created slice User and Session Slice.
[   17.807572] systemd[1]: Reached target Swap.
[[0;32m  OK  [0m] Reached target Swap.
[   17.815254] systemd[1]: Created slice System Slice.
[[0;32m  OK  [0m] Created slice System Slice.
[   17.832908] systemd[1]: Listening on Syslog Socket.
[[0;32m  OK  [0m] Listening on Syslog Socket.
[[0;32m  OK  [0m] Listening on Device-mapper event daemon FIFOs.
[[0;32m  OK  [0m] Listening on Journal Audit Socket.
[[0;32m  OK  [0m] Listening on Journal Socket (/dev/log).
[[0;32m  OK  [0m] Listening on Journal Socket.
         Mounting Kernel Debug File System...
         Starting Set the console keyboard layout...
[[0;32m  OK  [0m] Listening on LVM2 metadata daemon socket.
         Starting Monitoring of LVM2 mirrors…ng dmeventd or progress polling...
         Starting Load Kernel Modules...
         Starting Journal Service...
[[0;32m  OK  [0m] Listening on udev Kernel Socket.
[[0;32m  OK  [0m] Listening on LVM2 poll daemon socket.
[[0;32m  OK  [0m] Set up automount Arbitrary Executab…rmats File System Automount Point.
[   18.086266] Loading iSCSI transport class v2.0-870.
[[0;32m  OK  [0m] Listening on /dev/initctl Compatibility Named Pipe.
[[0;32m  OK  [0m] Listening on udev Control Socket.
[[0;32m  OK  [0m] Reached target Slices.
         Starting Create list of required st…ce nodes for the current kernel...
[   18.165523] iscsi: registered transport (tcp)
[[0;32m  OK  [0m] Reached target User and Group Name Lookups.
[[0;32m  OK  [0m] Reached target System Time Synchronized.
         Starting udev Coldplug all Devices...
         Mounting Huge Pages File System...
[[0;32m  OK  [0m] Listening on Network Service Netlink Socket.
[   18.306219] iscsi: registered transport (iser)
[[0;32m  OK  [0m] Created slice system-serial\x2dgetty.slice.
[[0;32m  OK  [0m] Started Forward Password Requests to Wall Directory Watch.
[[0;32m  OK  [0m] Reached target Mounting snaps.
[[0;32m  OK  [0m] Reached target Mounted snaps.
[[0;32m  OK  [0m] Listening on fsck to fsckd communication Socket.
         Starting File System Check on Root Device...
         Mounting POSIX Message Queue File System...
         Starting Uncomplicated firewall...
[[0;32m  OK  [0m] Started Journal Service.
[[0;32m  OK  [0m] Mounted Kernel Debug File System.
[[0;32m  OK  [0m] Started Load Kernel Modules.
[[0;32m  OK  [0m] Started Create list of required sta…vice nodes for the current kernel.
[[0;32m  OK  [0m] Mounted Huge Pages File System.
[[0;32m  OK  [0m] Mounted POSIX Message Queue File System.
[[0;32m  OK  [0m] Started Uncomplicated firewall.
[[0;32m  OK  [0m] Started File System Check on Root Device.
[[0;32m  OK  [0m] Started File System Check Daemon to report status.
[[0;32m  OK  [0m] Started LVM2 metadata daemon.
         Starting Remount Root and Kernel File Systems...
         Starting Create Static Device Nodes in /dev...
         Mounting Kernel Configuration File System...
         Mounting FUSE Control File System...
         Starting Apply Kernel Variables...
[[0;32m  OK  [0m] Started udev Coldplug all Devices.
[[0;32m  OK  [0m] Mounted Kernel Configuration File System.
[[0;32m  OK  [0m] Mounted FUSE Control File System.
[[0;32m  OK  [0m] Started Create Static Device Nodes in /dev.
[   19.067515] EXT4-fs (sda1): re-mounted. Opts: (null)
[[0;32m  OK  [0m] Started Remount Root and Kernel File Systems.
         Starting Load/Save Random Seed...
         Starting Flush Journal to Persistent Storage...
         Starting udev Kernel Device Manager...
[[0;32m  OK  [0m] Started Monitoring of LVM2 mirrors,…sing dmeventd or progress polling.
[[0;32m  OK  [0m] Started Apply Kernel Variables.
[[0;32m  OK  [0m] Started Load/Save Random Seed.
[[0;32m  OK  [0m] Started udev Kernel Device Manager.
[[0;32m  OK  [0m] Started Flush Journal to Persistent Storage.
[[0;32m  OK  [0m] Found device /dev/ttyS0.
[[0;32m  OK  [0m] Listening on Load/Save RF Kill Switch Status /dev/rfkill Watch.
[[0;32m  OK  [0m] Started Set the console keyboard layout.
[[0;32m  OK  [0m] Reached target Local File Systems (Pre).
[[0;32m  OK  [0m] Reached target Local File Systems.
         Starting Set console font and keymap...
         Starting AppArmor initialization...
         Starting Create Volatile Files and Directories...
         Starting ebtables ruleset management...
         Starting Tell Plymouth To Write Out Runtime Data...
         Starting Commit a transient machine-id on disk...
[[0;32m  OK  [0m] Started Dispatch Password Requests to Console Directory Watch.
[[0;32m  OK  [0m] Reached target Local Encrypted Volumes.
[[0;32m  OK  [0m] Started Create Volatile Files and Directories.
         Starting Update UTMP about System Boot/Shutdown...
[[0;32m  OK  [0m] Started Tell Plymouth To Write Out Runtime Data.
[[0;32m  OK  [0m] Started Commit a transient machine-id on disk.
[[0;32m  OK  [0m] Started Update UTMP about System Boot/Shutdown.
[[0;32m  OK  [0m] Started ebtables ruleset management.
         Mounting Arbitrary Executable File Formats File System...
[[0;32m  OK  [0m] Mounted Arbitrary Executable File Formats File System.
[[0;32m  OK  [0m] Started AppArmor initialization.
         Starting Load AppArmor profiles managed internally by snapd...
         Starting Initial cloud-init job (pre-networking)...
[[0;32m  OK  [0m] Started Load AppArmor profiles managed internally by snapd.
[[0;32m  OK  [0m] Started Set console font and keymap.
[  107.843704] cloud-init[794]: Cloud-init v. 23.1.2-0ubuntu0~18.04.1 running 'init-local' at Tue, 26 Nov 2024 02:55:51 +0000. Up 107.14 seconds.
[[0;32m  OK  [0m] Started Initial cloud-init job (pre-networking).
[[0;32m  OK  [0m] Reached target Network (Pre).
         Starting Network Service...
[[0;32m  OK  [0m] Started Network Service.
         Starting Wait for Network to be Configured...
         Starting Network Name Resolution...
[[0;32m  OK  [0m] Started Network Name Resolution.
[[0;32m  OK  [0m] Reached target Network.
[[0;32m  OK  [0m] Reached target Host and Network Name Lookups.
[[0;32m  OK  [0m] Started Wait for Network to be Configured.
         Starting Initial cloud-init job (metadata service crawler)...
[  112.000103] cloud-init[932]: Cloud-init v. 23.1.2-0ubuntu0~18.04.1 running 'init' at Tue, 26 Nov 2024 02:55:56 +0000. Up 111.78 seconds.
[  112.004786] cloud-init[932]: ci-info: ++++++++++++++++++++++++++++++++++++++Net device info++++++++++++++++++++++++++++++++++++++
[  112.640109] cloud-init[932]: ci-info: +--------+------+----------------------------+---------------+--------+-------------------+
[  112.644364] cloud-init[932]: ci-info: | Device |  Up  |          Address           |      Mask     | Scope  |     Hw-Address    |
[  112.660211] cloud-init[932]: ci-info: +--------+------+----------------------------+---------------+--------+-------------------+
[  112.668286] cloud-init[932]: ci-info: | enp0s3 | True |         10.0.2.15          | 255.255.255.0 | global | 02:3b:7b:b7:3b:2d |
[  112.672672] cloud-init[932]: ci-info: | enp0s3 | True | fd00::3b:7bff:feb7:3b2d/64 |       .       | global | 02:3b:7b:b7:3b:2d |
[  112.677068] cloud-init[932]: ci-info: | enp0s3 | True | fe80::3b:7bff:feb7:3b2d/64 |       .       |  link  | 02:3b:7b:b7:3b:2d |
[  112.681423] cloud-init[932]: ci-info: |   lo   | True |         127.0.0.1          |   255.0.0.0   |  host  |         .         |
[  113.003926] cloud-init[932]: ci-info: |   lo   | True |          ::1/128           |       .       |  host  |         .         |
[  113.295284] cloud-init[932]: ci-info: +--------+------+----------------------------+---------------+--------+-------------------+
[  113.309579] cloud-init[932]: ci-info: ++++++++++++++++++++++++++++Route IPv4 info+++++++++++++++++++++++++++++
[  113.313878] cloud-init[932]: ci-info: +-------+-------------+----------+-----------------+-----------+-------+
[  113.317672] cloud-init[932]: ci-info: | Route | Destination | Gateway  |     Genmask     | Interface | Flags |
[  113.321544] cloud-init[932]: ci-info: +-------+-------------+----------+-----------------+-----------+-------+
[  113.325787] cloud-init[932]: ci-info: |   0   |   0.0.0.0   | 10.0.2.2 |     0.0.0.0     |   enp0s3  |   UG  |
[  113.332573] cloud-init[932]: ci-info: |   1   |   10.0.2.0  | 0.0.0.0  |  255.255.255.0  |   enp0s3  |   U   |
[  113.336797] cloud-init[932]: ci-info: |   2   |   10.0.2.2  | 0.0.0.0  | 255.255.255.255 |   enp0s3  |   UH  |
[  113.340732] cloud-init[932]: ci-info: +-------+-------------+----------+-----------------+-----------+-------+
[  113.365089] cloud-init[932]: ci-info: +++++++++++++++++++Route IPv6 info+++++++++++++++++++
[  113.618539] cloud-init[932]: ci-info: +-------+-------------+---------+-----------+-------+
[  113.622758] cloud-init[932]: ci-info: | Route | Destination | Gateway | Interface | Flags |
[  113.813270] cloud-init[932]: ci-info: +-------+-------------+---------+-----------+-------+
[  113.879457] cloud-init[932]: ci-info: |   1   |  fd00::/64  |    ::   |   enp0s3  |   U   |
[  113.894469] cloud-init[932]: ci-info: |   2   |  fe80::/64  |    ::   |   enp0s3  |   U   |
[  113.899136] cloud-init[932]: ci-info: |   3   |     ::/0    | fe80::2 |   enp0s3  |   UG  |
[  113.903470] cloud-init[932]: ci-info: |   5   |    local    |    ::   |   enp0s3  |   U   |
[  113.908321] cloud-init[932]: ci-info: |   6   |   ff00::/8  |    ::   |   enp0s3  |   U   |
[  114.003421] cloud-init[932]: ci-info: +-------+-------------+---------+-----------+-------+
[  119.500459] cloud-init[932]: Generating public/private rsa key pair.
[  119.697325] [[0;32m  OK  [0m] Started Initial cloud-init job (metadata service crawler).
[[0;32m  OK  [0m] Reached target System Initialization.
[[0;32m  OK  [0m] Listening on Open-iSCSI iscsid Socket.
[[0;32m  OK  [0m] Started Ubuntu Advantage Timer for running repeated jobs.
[[0;32m  OK  [0m] Started Message of the Day.
[[0;32m  OK  [0m] Started Discard unused blocks once a week.
         Starting Socket activation for snappy daemon.
[[0;32m  OK  [0m] Listening on D-Bus System Message Bus Socket.
[[0;32m  OK  [0m] Started ACPI Events Check.
[[0;32m  OK  [0m] Reached target Paths.
[[0;32m  OK  [0m] Listening on UUID daemon activation socket.
         Starting LXD - unix socket.
[[0;32m  OK  [0m] Started Daily apt download activities.
[[0;32m  OK  [0m] Started Daily apt upgrade and clean activities.
[[0;32m  OK  [0m] Started Daily Cleanup of Temporary Directories.
[[0;32m  OK  [0m] Reached target Timers.
[[0;32m  OK  [0m] Listening on ACPID Listen Socket.
[[0;32m  OK  [0m] Listening on cloud-init hotplug hook socket.
[[0;32m  OK  [0m] Reached target Cloud-config availability.
[[0;32m  OK  [0m] Reached target Network is Online.
[[0;32m  OK  [0m] Reached target Remote File Systems (Pre).
[[0;32m  OK  [0m] Reached target Remote File Systems.
         Starting Availability of block devices...
[[0;32m  OK  [0m] Listening on Socket activation for snappy daemon.
[[0;32m  OK  [0m] Listening on LXD - unix socket.
[[0;32m  OK  [0m] Reached target Sockets.
[[0;32m  OK  [0m] Reached target Basic System.
         Starting LSB: Record successful boot for GRUB...
cloud-init[[0;32m  OK  [0m] Started Regular background program processing daemon.
[932]: Your identification has been saved in /etc/ssh/ssh_host_rsa_key.
[  120.143567] cloud-init[932]: Your public key has been saved in /etc/ssh/ssh_host_rsa_key.pub.
[  120.143653] cloud-init[932]: The key fingerprint is:
[  120.143700] cloud-init[932]: SHA256:n1FnuHX4oEiBoavUQORtx1qx8RNUGaBvUsjkn1oHj5M root@ubuntu-bionic
[  120.143748] cloud-init[932]: The key's randomart image is:
[  120.143802] cloud-init[932]: +---[RSA 2048]----+
[  120.143882] cloud-init[932]: |   .o   =+=ooo   |
[  120.145255] cloud-init[932]: |   o . *.B o.. . |
[  120.146362] cloud-init[932]: |    o + X * o * .|
[  120.147046] cloud-init[932]: |     + = = X * + |
[  120.147130] cloud-init[932]: |    . + S E =   .|
[  120.147635] cloud-init[932]: |   . .   * =     |
[  120.148083] [[0;32m  OK  [0m] Started Deferred execution scheduler.
cloud-init[932]: |    .   . o      |
         Starting Dispatcher daemon for systemd-networkd...
[  120.891144] cloud-init[932]: |                 |
[  120.987966] cloud-init         Starting Login Service...
         Starting System Logging Service...
         Starting Permit User Sessions...
[[0;32m  OK  [0m] Started D-Bus System Message Bus.
[932]: |                 |
[  121.375757] cloud-init[932]: +----[SHA256]-----+
[  121.420370] cloud-init[932]: Generating public/private dsa key pair.
[  121.570494] cloud-init[932]: Your identification has been saved in /etc/ssh/ssh_host_dsa_key.
[  121.605461] cloud-init[932]: Your public key has been saved in /etc/ssh/ssh_host_dsa_key.pub.
[  121.616239] cloud-init[932]: The key fingerprint is:
[  121.642910] cloud-init[932]: SHA256:OBuPitL8dxo9Nju8/b/JkO8D1sfbAUZMZIJhdVnXM90 root@ubuntu-bionic
[  121.649328] cloud-init[932]: The key's randomart image is:
[  121.654844] cloud-init[932]: +---[DSA 1024]----+
[  121.661246] cloud-init[932]: |         o+o+=o.=|
[  121.675834] cloud-init[932]: |        ..  ++ oE|
[  121.680557] cloud-init[932]: |            .   o|
[  121.685046] cloud-init[932]: |       .     o   |
[  121.689690] cloud-init[932]: |      + S   .... |[[0;32m  OK  [0m
] [  121.775065] cloud-init[932]: |       B    o...o|
[  121.776318] cloud-init[932]: Started Login Service.
| o    +.*  .o. .+|
[  121.929263] cloud-init[[0;32m  OK  [0m] Started Unattended Upgrades Shutdown.
[932]:          Starting LSB: automatic crash report generation...
|. o. ..o+=   +.o.|         Starting Accounts Service...
[[0;32m  OK  [0m] Started FUSE filesystem for LXC.

         Starting Snap Daemon...
[  122.777815] [[0;32m  OK  [0m] Reached target Login Prompts (Pre).
cloud-init[932]: | ...o..ooo...oBo |
[  122.786555] cloud-init[932]: +----[SHA256]-----+
[  122.845347] cloud-init[932]: Generating public/private ecdsa key pair.
[  122.850502] cloud-init[932]: Your identification has been saved in /etc/ssh/ssh_host_ecdsa_key.
[  122.858578] cloud-init[932]: Your public key has been saved in /etc/ssh/ssh_host_ecdsa_key.pub.
[  122.863736] cloud-init[932]: The key fingerprint is:
[  122.869088] cloud-init[932]: SHA256:BOkuM2HNFDiNC8DmhT9hMnsHKRtQ65b1JEus/E6eGIQ root@ubuntu-bionic
[  122.884405] cloud-init[932]: The key's randomart image is:
[  122.888402] cloud-init[932]: +---[ECDSA 256]---+
[  122.922552] cloud-init[932]: |=oo .+oo         |
[  123.095265] cloud-init[932]: | O.O+ +.         |
[  123.102537] cloud-init[932]: |o %.BB. .        |
[  123.146202] cloud-init[932]: | B O+*+.         |
[[0;32m  OK  [0m] Started irqbalance daemon.
[  123.154762] cloud-init[932]: |E O.+o. S        |
[  123.163153] cloud-init[932]: | o .+ .          |
[  123.165671] cloud-init[932]: |  . o+           |
[  123.167550] cloud-init[932]: |   * .           |
[  123.412222] cloud-init[932]: |  . +            |
[  123.534706] cloud-init[932]: +----[SHA256]-----+
         Starting Pollinate to seed the pseudo random number generator...
[  123.697902] cloud-init[932]: Generating public/private ed25519 key pair.
[  123.811840] cloud-init[932]: Your identification has been saved in /etc/ssh/ssh_host_ed25519_key.
[  123.825965] cloud-init[932]: Your public key has been saved in /etc/ssh/ssh_host_ed25519_key.pub.
[  123.829629] cloud-init[932]: The key fingerprint is:
[  123.831638] cloud-init[932]: SHA256:AMdejMWFBY5AtlIemi86mh/tkFM5vJYHe1c8GktkrPE root@ubuntu-bionic
[  123.834922] cloud-init[932]: The key's randomart image is:
[  123.837318] cloud-init[932]: +--[ED25519 256]--+
[  123.839398] cloud-init[932]: |   .B..=o=o      |
[  123.945363] cloud-init[932]:          |   * *o+=        |Starting Virtualbox guest utils...

[  124.011723] cloud-init[932]: |  + o.+.=        |
[  124.069646] cloud-init[932]: |   + ..B .       |
[  124.083265] cloud-init[932]: |  . B . E +      |
[  124.108614] cloud-init[932]: | . = * . = .     |
[  124.111988] cloud-init[932]: |o = * o +        |
[  124.115852] cloud-init[932]: |.o * o .         |
[  124.140709] cloud-init[932]: |o.. .            |
[  124.144764] cloud-init[932]: +----[SHA256]-----+
         Starting LXD - container startup/shutdown...
[[0;32m  OK  [0m] Started System Logging Service.
[[0;32m  OK  [0m] Started Dispatcher daemon for systemd-networkd.
[[0;32m  OK  [0m] Started Availability of block devices.
[[0;32m  OK  [0m] Started Permit User Sessions.
[[0;32m  OK  [0m] Started LSB: automatic crash report generation.
         Starting Authorization Manager...
         Starting Hostname Service...
         Starting Hold until boot process finishes up...
         Starting Terminate Plymouth Boot Screen...
[[0;32m  OK  [0m] Started Hold until boot process finishes up.
[[0;32m  OK  [0m] Started Serial Getty on ttyS0.
         Starting Set console scheme...
[[0;32m  OK  [0m] Started Terminate Plymouth Boot Screen.
[[0;32m  OK  [0m] Started LSB: Record successful boot for GRUB.
[[0;32m  OK  [0m] Started Set console scheme.
[[0;32m  OK  [0m] Created slice system-getty.slice.
[[0;32m  OK  [0m] Started Getty on tty1.
[[0;32m  OK  [0m] Reached target Login Prompts.
[[0;32m  OK  [0m] Started Authorization Manager.
[[0;32m  OK  [0m] Started Accounts Service.
[[0;32m  OK  [0m] Started Hostname Service.
[[0;32m  OK  [0m] Started Virtualbox guest utils.
[[0;32m  OK  [0m] Started LXD - container startup/shutdown.

Ubuntu 18.04.6 LTS ubuntu-bionic ttyS0

ubuntu-bionic login: [  144.746667] cloud-init[1671]: Cloud-init v. 23.1.2-0ubuntu0~18.04.1 running 'modules:config' at Tue, 26 Nov 2024 02:56:26 +0000. Up 141.94 seconds.
ci-info: no authorized SSH keys fingerprints found for user ubuntu.
<14>Nov 26 02:56:41 cloud-init: #############################################################
<14>Nov 26 02:56:41 cloud-init: -----BEGIN SSH HOST KEY FINGERPRINTS-----
<14>Nov 26 02:56:41 cloud-init: 1024 SHA256:OBuPitL8dxo9Nju8/b/JkO8D1sfbAUZMZIJhdVnXM90 root@ubuntu-bionic (DSA)
<14>Nov 26 02:56:41 cloud-init: 256 SHA256:BOkuM2HNFDiNC8DmhT9hMnsHKRtQ65b1JEus/E6eGIQ root@ubuntu-bionic (ECDSA)
<14>Nov 26 02:56:41 cloud-init: 256 SHA256:AMdejMWFBY5AtlIemi86mh/tkFM5vJYHe1c8GktkrPE root@ubuntu-bionic (ED25519)
<14>Nov 26 02:56:41 cloud-init: 2048 SHA256:n1FnuHX4oEiBoavUQORtx1qx8RNUGaBvUsjkn1oHj5M root@ubuntu-bionic (RSA)
<14>Nov 26 02:56:41 cloud-init: -----END SSH HOST KEY FINGERPRINTS-----
<14>Nov 26 02:56:41 cloud-init: #############################################################
-----BEGIN SSH HOST KEY KEYS-----
ecdsa-sha2-nistp256 AAAAE2VjZHNhLXNoYTItbmlzdHAyNTYAAAAIbmlzdHAyNTYAAABBBPLzbDE9s8ljRrtCEl1f9oHRW45afZuptkXX4zywfqDgVZFMsLJmtiJ3QZKjuUqugooQSQNTv5sj2rEkeEIp7RU= root@ubuntu-bionic
ssh-ed25519 AAAAC3NzaC1lZDI1NTE5AAAAIG5SF+yduJYEATsN7jHpSFt3REXvc/3dU1cMJ1R3hRRT root@ubuntu-bionic
ssh-rsa AAAAB3NzaC1yc2EAAAADAQABAAABAQC/zw84UKDRkNIHW+hrfjrnpG6TZyaIRh77keMG9LReweeGHIw3MiuzWC3Se7NRdoSuyisIrHRIc27HI8lFn/A/H9mh654tK9PnOOeALm4fV6ATYAk7Hgx4QzUYQdRtYL0/rdRF8peGYCY3c694Mxbl7/P3QlO4cjLbS22u9tk7PFygso7uOUMwZ/kC9uwodZPep91YWG8qkLzoYmpFZAUF8u3ckCsdBuaAx25C3Cp48RgruuKs1cz6lE1KpR3fB4NlQL3zQ5gDMEeqVQReLlhMEHFGg9ywE/ELFHccMFVFDu5QR5YiBG8Jwiide9XlYci/BugMMx0UlMhc0+fSedQF root@ubuntu-bionic
-----END SSH HOST KEY KEYS-----
[  157.657857] cloud-init[1773]: Cloud-init v. 23.1.2-0ubuntu0~18.04.1 running 'modules:final' at Tue, 26 Nov 2024 02:56:40 +0000. Up 155.97 seconds.
[  157.736840] cloud-init[1773]: Cloud-init v. 23.1.2-0ubuntu0~18.04.1 finished at Tue, 26 Nov 2024 02:56:42 +0000. Datasource DataSourceNoCloud [seed=/dev/sdb][dsmode=net].  Up 157.64 seconds
